#
# There is insufficient memory for the Java Runtime Environment to continue.
# Native memory allocation (mmap) failed to map 264241152 bytes for G1 virtual space
# Possible reasons:
#   The system is out of physical RAM or swap space
#   The process is running with CompressedOops enabled, and the Java Heap may be blocking the growth of the native heap
# Possible solutions:
#   Reduce memory load on the system
#   Increase physical memory or swap space
#   Check if swap backing store is full
#   Decrease Java heap size (-Xmx/-Xms)
#   Decrease number of Java threads
#   Decrease Java thread stack sizes (-Xss)
#   Set larger code cache with -XX:ReservedCodeCacheSize=
#   JVM is running with Zero Based Compressed Oops mode in which the Java heap is
#     placed in the first 32GB address space. The Java Heap base address is the
#     maximum limit for the native heap growth. Please use -XX:HeapBaseMinAddress
#     to set the Java Heap base and to place the Java Heap above 32GB virtual address.
# This output file may be truncated or incomplete.
#
#  Out of Memory Error (os_windows.cpp:3557), pid=62676, tid=49764
#
# JRE version:  (17.0.6+10) (build )
# Java VM: OpenJDK 64-Bit Server VM (17.0.6+10-LTS, mixed mode, sharing, tiered, compressed oops, compressed class ptrs, g1 gc, windows-amd64)
# No core dump will be written. Minidumps are not enabled by default on client versions of Windows
#

---------------  S U M M A R Y ------------

Command Line: -Dcom.sun.management.jmxremote -Dcom.sun.management.jmxremote.port=52330 -Dcom.sun.management.jmxremote.authenticate=false -Dcom.sun.management.jmxremote.ssl=false -Djava.rmi.server.hostname=localhost -Dspring.jmx.enabled=true -Dmanagement.endpoints.jmx.exposure.include=* -Dspring.application.admin.enabled=true -XX:TieredStopAtLevel=1 -Dspring.boot.project.name=EcomApp -Dfile.encoding=UTF-8 -Dstdout.encoding=UTF-8 -Dstderr.encoding=UTF-8 -XX:+ShowCodeDetailsInExceptionMessages ecom.app.EcomAppApplication --spring.output.ansi.enabled=always

Host: 13th Gen Intel(R) Core(TM) i5-1345U, 12 cores, 15G,  Windows 11 , 64 bit Build 22621 (10.0.22621.3958)
Time: Wed Oct 16 22:48:50 2024 India Standard Time elapsed time: 0.115510 seconds (0d 0h 0m 0s)

---------------  T H R E A D  ---------------

Current thread (0x000001f9b52e1220):  JavaThread "Unknown thread" [_thread_in_vm, id=49764, stack(0x000000a469200000,0x000000a469300000)]

Stack: [0x000000a469200000,0x000000a469300000]
Native frames: (J=compiled Java code, j=interpreted, Vv=VM code, C=native code)
V  [jvm.dll+0x64af5a]
V  [jvm.dll+0x7fea64]
V  [jvm.dll+0x80021e]
V  [jvm.dll+0x800873]
V  [jvm.dll+0x235648]
V  [jvm.dll+0x647eba]
V  [jvm.dll+0x63c5ca]
V  [jvm.dll+0x2f3c69]
V  [jvm.dll+0x2fad66]
V  [jvm.dll+0x34725a]
V  [jvm.dll+0x34749f]
V  [jvm.dll+0x2ca348]
V  [jvm.dll+0x2cb2d9]
V  [jvm.dll+0x7d2231]
V  [jvm.dll+0x354721]
V  [jvm.dll+0x7b277e]
V  [jvm.dll+0x3d13c3]
V  [jvm.dll+0x3d2dc1]
C  [jli.dll+0x519f]
C  [ucrtbase.dll+0x29333]
C  [KERNEL32.DLL+0x1257d]
C  [ntdll.dll+0x5af28]


---------------  P R O C E S S  ---------------

Threads class SMR info:
_java_thread_list=0x00007ffa020128e8, length=0, elements={
}

Java Threads: ( => current thread )

Other Threads:
  0x000001f9b53513d0 GCTaskThread "GC Thread#0" [stack: 0x000000a469300000,0x000000a469400000] [id=22156]
  0x000001f9b5363610 ConcurrentGCThread "G1 Main Marker" [stack: 0x000000a469400000,0x000000a469500000] [id=60008]
  0x000001f9b5363f20 ConcurrentGCThread "G1 Conc#0" [stack: 0x000000a469500000,0x000000a469600000] [id=8368]

[error occurred during error reporting (printing all threads), id 0xc0000005, EXCEPTION_ACCESS_VIOLATION (0xc0000005) at pc=0x00007ffa017fb557]

VM state: not at safepoint (not fully initialized)

VM Mutex/Monitor currently owned by a thread:  ([mutex/lock_event])
[0x000001f9b52dbc10] Heap_lock - owner thread: 0x000001f9b52e1220

Heap address: 0x0000000704e00000, size: 4018 MB, Compressed Oops mode: Zero based, Oop shift amount: 3

CDS archive(s) mapped at: [0x0000000000000000-0x0000000000000000-0x0000000000000000), size 0, SharedBaseAddress: 0x0000000800000000, ArchiveRelocationMode: 0.
Narrow klass base: 0x0000000000000000, Narrow klass shift: 0, Narrow klass range: 0x0

GC Precious Log:
<Empty>

Heap:
 garbage-first heap   total 0K, used 0K [0x0000000704e00000, 0x0000000800000000)
  region size 2048K, 0 young (0K), 0 survivors (0K)

[error occurred during error reporting (printing heap information), id 0xc0000005, EXCEPTION_ACCESS_VIOLATION (0xc0000005) at pc=0x00007ffa01bc2999]

GC Heap History (0 events):
No events

Dll operation events (1 events):
Event: 0.072 Loaded shared library C:\Program Files\BellSoft\LibericaJDK-17-Full\bin\java.dll

Deoptimization events (0 events):
No events

Classes unloaded (0 events):
No events

Classes redefined (0 events):
No events

Internal exceptions (0 events):
No events

VM Operations (0 events):
No events

Events (0 events):
No events


Dynamic libraries:
0x00007ff64d650000 - 0x00007ff64d65d000 	C:\Program Files\BellSoft\LibericaJDK-17-Full\bin\javaw.exe
0x00007ffa33930000 - 0x00007ffa33b47000 	C:\Windows\SYSTEM32\ntdll.dll
0x00007ffa31e00000 - 0x00007ffa31ec4000 	C:\Windows\System32\KERNEL32.DLL
0x00007ffa30cd0000 - 0x00007ffa3107d000 	C:\Windows\System32\KERNELBASE.dll
0x00007ffa31290000 - 0x00007ffa313a1000 	C:\Windows\System32\ucrtbase.dll
0x00007ffa061a0000 - 0x00007ffa061b7000 	C:\Program Files\BellSoft\LibericaJDK-17-Full\bin\jli.dll
0x00007ffa05510000 - 0x00007ffa05525000 	C:\Program Files\BellSoft\LibericaJDK-17-Full\bin\VCRUNTIME140.dll
0x00007ffa324b0000 - 0x00007ffa3265e000 	C:\Windows\System32\USER32.dll
0x00007ffa31500000 - 0x00007ffa31526000 	C:\Windows\System32\win32u.dll
0x00007ffa16510000 - 0x00007ffa167a3000 	C:\Windows\WinSxS\amd64_microsoft.windows.common-controls_6595b64144ccf1df_6.0.22621.3672_none_2713b9d173822955\COMCTL32.dll
0x00007ffa31bc0000 - 0x00007ffa31be9000 	C:\Windows\System32\GDI32.dll
0x00007ffa31b10000 - 0x00007ffa31bb7000 	C:\Windows\System32\msvcrt.dll
0x00007ffa313e0000 - 0x00007ffa314f9000 	C:\Windows\System32\gdi32full.dll
0x00007ffa311f0000 - 0x00007ffa3128a000 	C:\Windows\System32\msvcp_win.dll
0x00007ffa33650000 - 0x00007ffa33681000 	C:\Windows\System32\IMM32.DLL
0x000001f9b39f0000 - 0x000001f9b3a04000 	C:\Windows\System32\umppc18608.dll
0x00007ffa04a10000 - 0x00007ffa04aab000 	C:\Program Files\BellSoft\LibericaJDK-17-Full\bin\msvcp140.dll
0x00007ffa01520000 - 0x00007ffa02140000 	C:\Program Files\BellSoft\LibericaJDK-17-Full\bin\server\jvm.dll
0x00007ffa323f0000 - 0x00007ffa324a2000 	C:\Windows\System32\ADVAPI32.dll
0x00007ffa31bf0000 - 0x00007ffa31c99000 	C:\Windows\System32\sechost.dll
0x00007ffa313b0000 - 0x00007ffa313d8000 	C:\Windows\System32\bcrypt.dll
0x00007ffa336f0000 - 0x00007ffa33804000 	C:\Windows\System32\RPCRT4.dll
0x00007ffa0b710000 - 0x00007ffa0b719000 	C:\Windows\SYSTEM32\WSOCK32.dll
0x00007ffa31ed0000 - 0x00007ffa31f41000 	C:\Windows\System32\WS2_32.dll
0x00007ffa277d0000 - 0x00007ffa27804000 	C:\Windows\SYSTEM32\WINMM.dll
0x00007ffa25ed0000 - 0x00007ffa25eda000 	C:\Windows\SYSTEM32\VERSION.dll
0x00007ffa2fb70000 - 0x00007ffa2fb88000 	C:\Windows\SYSTEM32\kernel.appcore.dll
0x00007ffa06f30000 - 0x00007ffa06f3a000 	C:\Program Files\BellSoft\LibericaJDK-17-Full\bin\jimage.dll
0x00007ffa2e210000 - 0x00007ffa2e442000 	C:\Windows\SYSTEM32\DBGHELP.DLL
0x00007ffa332c0000 - 0x00007ffa3364e000 	C:\Windows\System32\combase.dll
0x00007ffa33810000 - 0x00007ffa338e7000 	C:\Windows\System32\OLEAUT32.dll
0x00007ffa0f330000 - 0x00007ffa0f362000 	C:\Windows\SYSTEM32\dbgcore.DLL
0x00007ffa30c50000 - 0x00007ffa30ccb000 	C:\Windows\System32\bcryptPrimitives.dll
0x00007ff9f6940000 - 0x00007ff9f69a5000 	C:\Program Files (x86)\Manufacturer\Endpoint Agent\prntm64.dll
0x00007ffa33690000 - 0x00007ffa336ee000 	C:\Windows\System32\SHLWAPI.dll
0x00007ffa33110000 - 0x00007ffa332b5000 	C:\Windows\System32\ole32.dll
0x00007ffa2f960000 - 0x00007ffa2f96c000 	C:\Windows\SYSTEM32\Secur32.dll
0x00007ff9f6850000 - 0x00007ff9f68f7000 	C:\Windows\SYSTEM32\WINSPOOL.DRV
0x00007ffa31850000 - 0x00007ffa31949000 	C:\Windows\System32\shcore.dll
0x00007ffa11b70000 - 0x00007ffa11b7c000 	C:\Windows\SYSTEM32\VCRUNTIME140_1.dll
0x00007ffa2ff10000 - 0x00007ffa2ff53000 	C:\Windows\SYSTEM32\SSPICLI.DLL
0x00007ffa049a0000 - 0x00007ffa049c5000 	C:\Program Files\BellSoft\LibericaJDK-17-Full\bin\java.dll

dbghelp: loaded successfully - version: 4.0.5 - missing functions: none
symbol engine: initialized successfully - sym options: 0x614 - pdb path: .;C:\Program Files\BellSoft\LibericaJDK-17-Full\bin;C:\Windows\SYSTEM32;C:\Windows\WinSxS\amd64_microsoft.windows.common-controls_6595b64144ccf1df_6.0.22621.3672_none_2713b9d173822955;C:\Program Files\BellSoft\LibericaJDK-17-Full\bin\server;C:\Program Files (x86)\Manufacturer\Endpoint Agent

VM Arguments:
jvm_args: -Dcom.sun.management.jmxremote -Dcom.sun.management.jmxremote.port=52330 -Dcom.sun.management.jmxremote.authenticate=false -Dcom.sun.management.jmxremote.ssl=false -Djava.rmi.server.hostname=localhost -Dspring.jmx.enabled=true -Dmanagement.endpoints.jmx.exposure.include=* -Dspring.application.admin.enabled=true -XX:TieredStopAtLevel=1 -Dspring.boot.project.name=EcomApp -Dfile.encoding=UTF-8 -Dstdout.encoding=UTF-8 -Dstderr.encoding=UTF-8 -XX:+ShowCodeDetailsInExceptionMessages 
java_command: ecom.app.EcomAppApplication --spring.output.ansi.enabled=always
java_class_path (initial): C:\Users\703400641\Documents\workspace-spring-tool-suite-4-4.24.0.RELEASE\EcomApp\target\classes;C:\Users\703400641\.m2\repository\org\springframework\boot\spring-boot-starter-data-jdbc\3.3.4\spring-boot-starter-data-jdbc-3.3.4.jar;C:\Users\703400641\.m2\repository\org\springframework\boot\spring-boot-starter-jdbc\3.3.4\spring-boot-starter-jdbc-3.3.4.jar;C:\Users\703400641\.m2\repository\com\zaxxer\HikariCP\5.1.0\HikariCP-5.1.0.jar;C:\Users\703400641\.m2\repository\org\springframework\spring-jdbc\6.1.13\spring-jdbc-6.1.13.jar;C:\Users\703400641\.m2\repository\org\springframework\data\spring-data-jdbc\3.3.4\spring-data-jdbc-3.3.4.jar;C:\Users\703400641\.m2\repository\org\springframework\data\spring-data-relational\3.3.4\spring-data-relational-3.3.4.jar;C:\Users\703400641\.m2\repository\org\springframework\data\spring-data-commons\3.3.4\spring-data-commons-3.3.4.jar;C:\Users\703400641\.m2\repository\org\springframework\spring-tx\6.1.13\spring-tx-6.1.13.jar;C:\Users\703400641\.m2\repository\org\springframework\spring-context\6.1.13\spring-context-6.1.13.jar;C:\Users\703400641\.m2\repository\org\springframework\spring-beans\6.1.13\spring-beans-6.1.13.jar;C:\Users\703400641\.m2\repository\org\slf4j\slf4j-api\2.0.16\slf4j-api-2.0.16.jar;C:\Users\703400641\.m2\repository\org\springframework\boot\spring-boot-starter-web\3.3.4\spring-boot-starter-web-3.3.4.jar;C:\Users\703400641\.m2\repository\org\springframework\boot\spring-boot-starter\3.3.4\spring-boot-starter-3.3.4.jar;C:\Users\703400641\.m2\repository\org\springframework\boot\spring-boot-starter-logging\3.3.4\spring-boot-starter-logging-3.3.4.jar;C:\Users\703400641\.m2\repository\ch\qos\logback\logback-classic\1.5.8\logback-classic-1.5.8.jar;C:\Users\703400641\.m2\repository\ch\qos\logback\logback-core\1.5.8\logback-core-1.5.8.jar;C:\Users\703400641\.m2\repository\org\apache\logging\log4j\log4j-to-slf4j\2.23.1\log4j-to-slf4j-2.23.1.jar;C:\Users\703400641\.m2\repository\org\apache\logging\log
Launcher Type: SUN_STANDARD

[Global flags]
     intx CICompilerCount                          = 4                                         {product} {ergonomic}
     uint ConcGCThreads                            = 3                                         {product} {ergonomic}
     uint G1ConcRefinementThreads                  = 10                                        {product} {ergonomic}
   size_t G1HeapRegionSize                         = 2097152                                   {product} {ergonomic}
    uintx GCDrainStackTargetSize                   = 64                                        {product} {ergonomic}
   size_t InitialHeapSize                          = 264241152                                 {product} {ergonomic}
     bool ManagementServer                         = true                                      {product} {command line}
   size_t MarkStackSize                            = 4194304                                   {product} {ergonomic}
   size_t MaxHeapSize                              = 4213178368                                {product} {ergonomic}
   size_t MinHeapDeltaBytes                        = 2097152                                   {product} {ergonomic}
   size_t MinHeapSize                              = 8388608                                   {product} {ergonomic}
    uintx NonProfiledCodeHeapSize                  = 0                                      {pd product} {ergonomic}
     bool ProfileInterpreter                       = false                                  {pd product} {command line}
    uintx ProfiledCodeHeapSize                     = 0                                      {pd product} {ergonomic}
     bool ShowCodeDetailsInExceptionMessages       = true                                   {manageable} {command line}
   size_t SoftMaxHeapSize                          = 4213178368                             {manageable} {ergonomic}
     intx TieredStopAtLevel                        = 1                                         {product} {command line}
     bool UseCompressedClassPointers               = true                           {product lp64_product} {ergonomic}
     bool UseCompressedOops                        = true                           {product lp64_product} {ergonomic}
     bool UseG1GC                                  = true                                      {product} {ergonomic}
     bool UseLargePagesIndividualAllocation        = false                                  {pd product} {ergonomic}

Logging:
Log output configuration:
 #0: stdout all=warning uptime,level,tags
 #1: stderr all=off uptime,level,tags

Environment Variables:
JAVA_HOME=C:\Program Files\BellSoft\LibericaJDK-17-Full\
PATH=C:/Users/703400641/Desktop/sts-4.24.0.RELEASE//plugins/org.eclipse.justj.openjdk.hotspot.jre.full.win32.x86_64_21.0.3.v20240426-1530/jre/bin/server;C:/Users/703400641/Desktop/sts-4.24.0.RELEASE//plugins/org.eclipse.justj.openjdk.hotspot.jre.full.win32.x86_64_21.0.3.v20240426-1530/jre/bin;C:\Program Files\BellSoft\LibericaJDK-17-Full\bin\;C:\apache-maven-3.8.5\bin;C:\Windows\system32;C:\Windows;C:\Windows\System32\Wbem;C:\Windows\System32\WindowsPowerShell\v1.0\;C:\Windows\System32\OpenSSH\;C:\Program Files\dotnet\;C:\Windows\system32\config\systemprofile\AppData\Local\Microsoft\WindowsApps;C:\Program Files\nodejs\;C:\Program Files\Git\cmd;C:\Program Files\BellSoft\LibericaJDK-17-Full\bin;C:\Users\703400641\AppData\Local\Microsoft\WindowsApps;C:\Users\703400641\AppData\Local\Programs\Microsoft VS Code\bin;C:\Users\703400641\Desktop\sts-4.24.0.RELEASE;
USERNAME=703400641
OS=Windows_NT
PROCESSOR_IDENTIFIER=Intel64 Family 6 Model 186 Stepping 3, GenuineIntel
TMP=C:\Users\703400~1\AppData\Local\Temp
TEMP=C:\Users\703400~1\AppData\Local\Temp



---------------  S Y S T E M  ---------------

OS:
 Windows 11 , 64 bit Build 22621 (10.0.22621.3958)
OS uptime: 23 days 13:18 hours
Hyper-V role detected

CPU: total 12 (initial active 12) (6 cores per cpu, 2 threads per core) family 6 model 186 stepping 3 microcode 0x4121, cx8, cmov, fxsr, ht, mmx, 3dnowpref, sse, sse2, sse3, ssse3, sse4.1, sse4.2, popcnt, lzcnt, tsc, tscinvbit, avx, avx2, aes, erms, clmul, bmi1, bmi2, adx, sha, fma, vzeroupper, clflush, clflushopt, clwb, hv

Memory: 4k page, system-wide physical 16068M (854M free)
TotalPageFile size 46465M (AvailPageFile size 625M)
current process WorkingSet (physical memory assigned to process): 12M, peak: 12M
current process commit charge ("private bytes"): 60M, peak: 812M

vm_info: OpenJDK 64-Bit Server VM (17.0.6+10-LTS) for windows-amd64 JRE (17.0.6+10-LTS), built on Apr  3 2023 18:07:43 by "" with MS VC++ 15.9 (VS2017)

END.
